Build started 26.03.2011 21:35:00.
     1>Project "G:\Work\cnq3-rev16\code\freetype\builds\win32\visualc.2008\freetype.vcxproj" on node 2 (build target(s)).
     1>InitializeBuildStatus:
         Creating ".\..\..\..\objs\debug\freetype.unsuccessfulbuild" because "AlwaysCreate" was specified.
       ClCompile:
         C:\Program Files (x86)\Microsoft Visual Studio 10.0\VC\bin\CL.exe /c /I..\..\..\include /Zi /nologo /W4 /WX- /Od /Oy- /D _DEBUG /D WIN32 /D _LIB /D FT2_BUILD_LIBRARY /D _BIND_TO_CURRENT_VCLIBS_VERSION=1 /D _VC80_UPGRADE=0x0710 /D _MBCS /Gm- /EHsc /RTC1 /MTd /GS /fp:precise /Za /Zc:wchar_t /Zc:forScope /Fo".\..\..\..\objs\debug/" /Fd".\..\..\..\objs\debug/vc100.pdb" /Gd /TC /wd4001 /analyze- /errorReport:prompt ..\..\..\src\base\ftbase.c ..\..\..\src\base\ftglyph.c ..\..\..\src\base\ftinit.c ..\..\..\src\base\ftstroke.c ..\..\..\src\base\ftsystem.c ..\..\..\src\smooth\smooth.c ..\..\..\src\base\ftbbox.c ..\..\..\src\base\ftsynth.c ..\..\..\src\sfnt\sfnt.c ..\..\..\src\truetype\truetype.c
         ftbase.c
         ftglyph.c
         ftinit.c
         ftstroke.c
         ftsystem.c
         smooth.c
         ftbbox.c
         ftsynth.c
         sfnt.c
         truetype.c
         Generating Code...
     1>C:\Program Files (x86)\MSBuild\Microsoft.Cpp\v4.0\Microsoft.CppBuild.targets(1151,5): warning MSB8012: TargetPath(G:\Work\cnq3-rev16\code\freetype\builds\win32\visualc.2008\.\..\..\..\objs\debug\freetype.lib) does not match the Library's OutputFile property value (G:\Work\cnq3-rev16\code\freetype\objs\freetype_D.lib). This may cause your project to build incorrectly. To correct this, please make sure that $(OutDir), $(TargetName) and $(TargetExt) property values match the value specified in %(Lib.OutputFile).
     1>C:\Program Files (x86)\MSBuild\Microsoft.Cpp\v4.0\Microsoft.CppBuild.targets(1153,5): warning MSB8012: TargetName(freetype) does not match the Library's OutputFile property value (freetype_D). This may cause your project to build incorrectly. To correct this, please make sure that $(OutDir), $(TargetName) and $(TargetExt) property values match the value specified in %(Lib.OutputFile).
       Lib:
         C:\Program Files (x86)\Microsoft Visual Studio 10.0\VC\bin\Lib.exe /OUT:"..\..\..\objs\freetype_D.lib" /NOLOGO .\..\..\..\objs\debug/ftbase.obj
         .\..\..\..\objs\debug/ftglyph.obj
         .\..\..\..\objs\debug/ftinit.obj
         .\..\..\..\objs\debug/ftstroke.obj
         .\..\..\..\objs\debug/ftsystem.obj
         .\..\..\..\objs\debug/smooth.obj
         .\..\..\..\objs\debug/ftbbox.obj
         .\..\..\..\objs\debug/ftsynth.obj
         .\..\..\..\objs\debug/sfnt.obj
         .\..\..\..\objs\debug/truetype.obj
         freetype.vcxproj -> G:\Work\cnq3-rev16\code\freetype\builds\win32\visualc.2008\.\..\..\..\objs\debug\freetype.lib
       FinalizeBuildStatus:
         Deleting file ".\..\..\..\objs\debug\freetype.unsuccessfulbuild".
         Touching ".\..\..\..\objs\debug\freetype.lastbuildstate".
     1>Done Building Project "G:\Work\cnq3-rev16\code\freetype\builds\win32\visualc.2008\freetype.vcxproj" (build target(s)).

Build succeeded.

Time Elapsed 00:00:02.16
